<?xml version="1.0" encoding="UTF-8"?>
<!-- Generated by org.testng.reporters.JUnitXMLReporter -->
<testsuite hostname="CSMBHUD055" ignored="0" name="Fieldvalidation Testcases" tests="4" failures="0" timestamp="07 Jan 2022 09:42:47 GMT" time="28.537" errors="0">
  <testcase name="loginPageOpen" time="9.283" classname="com.JSW.CompositionMaster.Alphanumeric"/>
  <testcase name="CompositionMaster" time="5.235" classname="com.JSW.CompositionMaster.Alphanumeric"/>
  <testcase name="CheckAlphaNumericForCompositionMaster" time="3.774" classname="com.JSW.CompositionMaster.Alphanumeric"/>
  <testcase name="CheckAlphaNumericForChemicalContains" time="2.614" classname="com.JSW.CompositionMaster.Alphanumeric"/>
</testsuite> <!-- Fieldvalidation Testcases -->
