<?xml version="1.0" encoding="UTF-8"?>
<!-- Generated by org.testng.reporters.JUnitXMLReporter -->
<testsuite hostname="CSMBHUD055" name="Default test" tests="7" failures="0" timestamp="29 Oct 2021 12:59:44 GMT" time="88.992" errors="0">
  <testcase name="loginPageOpen" time="13.112" classname="com.JSW.GradeMaster.WhiteSpace"/>
  <testcase name="GradeMaster" time="6.895" classname="com.JSW.GradeMaster.WhiteSpace"/>
  <testcase name="CheckWhiteSpaceNotAllowInitialPlaceForGradeName" time="9.699" classname="com.JSW.GradeMaster.WhiteSpace"/>
  <testcase name="CheckWhiteSpaceNotAllowMiddlePlaceForGradeName" time="9.806" classname="com.JSW.GradeMaster.WhiteSpace"/>
  <testcase name="CheckWhiteSpaceNotAllowInitialPlaceForGradeDisplayName" time="9.709" classname="com.JSW.GradeMaster.WhiteSpace"/>
  <testcase name="CheckWhiteSpaceNotAllowMiddlePlaceForGradeDisplayName" time="9.341" classname="com.JSW.GradeMaster.WhiteSpace"/>
  <testcase name="CheckWhiteSpaceNotAllowInitialPlaceForI3MSGradeRangeID" time="10.247" classname="com.JSW.GradeMaster.WhiteSpace"/>
</testsuite> <!-- Default test -->
